<?xml version="1.0" encoding="UTF-8" ?>
<testsuite tests="1" failures="1" name="com.jdl.test.MybatisTest" time="0.392" errors="0" skipped="0">
  <properties>
[...]
</properties>
  <testcase classname="com.jdl.test.MybatisTest" name="com.jdl.test.MybatisTest.testFindAll" time="0.392">
    <failure message="Could not find result map com.jdl.entity.Emp" type="org.apache.ibatis.builder.IncompleteElementException">org.apache.ibatis.builder.IncompleteElementException: Could not find result map com.jdl.entity.Emp
	at org.apache.ibatis.builder.MapperBuilderAssistant.getStatementResultMaps(MapperBuilderAssistant.java:346)
	at org.apache.ibatis.builder.MapperBuilderAssistant.addMappedStatement(MapperBuilderAssistant.java:290)
	at org.apache.ibatis.builder.xml.XMLStatementBuilder.parseStatementNode(XMLStatementBuilder.java:109)
	at org.apache.ibatis.session.Configuration.buildAllStatements(Configuration.java:788)
	at org.apache.ibatis.session.Configuration.hasStatement(Configuration.java:758)
	at org.apache.ibatis.session.Configuration.hasStatement(Configuration.java:753)
	at org.apache.ibatis.binding.MapperMethod$SqlCommand.resolveMappedStatement(MapperMethod.java:249)
	at org.apache.ibatis.binding.MapperMethod$SqlCommand.&lt;init&gt;(MapperMethod.java:219)
	at org.apache.ibatis.binding.MapperMethod.&lt;init&gt;(MapperMethod.java:49)
	at org.apache.ibatis.binding.MapperProxy.cachedMapperMethod(MapperProxy.java:65)
	at org.apache.ibatis.binding.MapperProxy.invoke(MapperProxy.java:58)
	at com.sun.proxy.$Proxy3.findAllEmp(Unknown Source)
	at com.jdl.test.MybatisTest.testFindAll(MybatisTest.java:24)
Caused by: java.lang.IllegalArgumentException: Result Maps collection does not contain value for com.jdl.entity.Emp
	at org.apache.ibatis.session.Configuration$StrictMap.get(Configuration.java:888)
	at org.apache.ibatis.session.Configuration.getResultMap(Configuration.java:640)
	at org.apache.ibatis.builder.MapperBuilderAssistant.getStatementResultMaps(MapperBuilderAssistant.java:344)
	... 30 more
</failure>
  </testcase>
</testsuite>